c:\centxpc\gef\gef_base.evt
   time         totc      agcacc 

 1860.00   11192.086     258.139 
 1860.08   11389.669     258.139 
 1860.17   11389.669     258.139 
 1860.25   11389.669     258.139 
 1860.33   11389.669     258.139 
 1860.42   11389.669       5.255 
 1860.50   11389.669      22.152 
 1860.58   11389.669      51.915 
 1860.67   11313.384      89.683 
 1860.75   11273.161     126.734 
 1860.83   11273.161     126.734 
 1860.92   11273.161     126.734 
 1861.00   11273.161     126.734 
 1861.08   11289.563     126.734 
 1861.17   11289.563     126.734 
 1861.25   11289.563     126.734 
 1861.33   11266.475      10.949 
 1861.42   11210.265      32.380 
 1861.50   11144.934      63.532 
 1861.58   11081.881     102.142 
 1861.67   11072.618     102.142 
 1861.75   10943.669      23.962 
 1861.83   10914.348      23.962 
 1861.92   10914.348      23.962 
 1862.00   10914.348      23.962 
 1862.08   10921.315      23.962 
 1862.17   10921.315      23.962 
 1862.25   10921.315   7.602E-02 
 1862.33   10910.257      10.403 
 1862.42   10871.771      42.907 
 1862.50   10824.167      83.066 
 1862.58   10810.629     133.183 
 1862.67   10752.701     163.256 
 1862.75   10751.296     209.265 
 1862.83   10751.296     209.265 
 1862.92   10751.296     209.265 
 1863.00   10751.296     209.265 
 1863.08   10791.241     209.265 
 1863.17   10791.109     209.265 
 1863.25   10791.109     209.265 
 1863.33   10732.868     209.265 
 1863.42   10643.978      18.617 
 1863.50   10578.679      60.759 
 1863.58   10529.445     119.004 
 1863.67   10494.290     178.710 
 1863.75   10475.079     214.121 
 1863.83   10475.079     214.121 
 1863.92   10475.079     214.121 
 1864.00   10475.079     214.121 
 1864.08   10531.962     214.121 
 1864.17   10531.962     214.121 
 1864.25   10531.962     214.121 
 1864.33   10514.399      13.113 
 1864.42   10470.529      42.589 
 1864.50   10424.689      78.832 
 1864.58   10382.174     122.901 
 1864.67   10382.174     122.901 
 1864.75   10300.186      26.771 
 1864.83   10278.381      26.771 
 1864.92   10278.381      26.771 
 1865.00   10278.381      26.771 
 1865.08   10286.808      26.771 
 1865.17   10286.808      26.771 
 1865.25   10286.808   7.473E-02 
 1865.33   10279.513      10.245 
 1865.42   10249.046      42.507 
 1865.50   10211.688      82.561 
 1865.58   10208.411     132.533 
 1865.67   10160.384     162.562 
 1865.75   10160.384     208.537 
 1865.83   10160.384     208.537 
 1865.92   10160.384     208.537 
 1866.00   10160.384     208.537 
 1866.08   10217.064     208.537 
 1866.17   10216.948     208.537 
 1866.25   10216.948     208.537 
 1866.33   10166.734     208.537 
 1866.42   10088.306      24.693 
 1866.50   10032.514      72.448 
 1866.58    9991.476     132.460 
 1866.67    9962.296     193.274 
 1866.75    9946.275     227.769 
 1866.83    9946.275     227.769 
 1866.92    9946.275     227.769 
 1867.00    9946.275     227.769 
 1867.08   10011.945     227.769 
 1867.17   10011.945     227.769 
 1867.25   10011.945     227.769 
 1867.33    9995.577      22.875 
 1867.42    9956.328      59.818 
 1867.50    9916.688     102.365 
 1867.58    9880.736     154.722 
 1867.67    9880.736     154.722 
 1867.75    9825.786      27.524 
 1867.83    9805.675      27.524 
 1867.92    9805.675      27.524 
 1868.00    9805.675      27.524 
 1868.08    9814.482      27.524 
 1868.17    9814.482      27.524 
 1868.25    9814.482   7.438E-02 
 1868.33    9808.090      10.202 
 1868.42    9779.766      42.400 
 1868.50    9745.742      82.427 
 1868.58    9745.742     132.360 
 1868.67    9702.092     162.377 
 1868.75    9702.092     208.343 
 1868.83    9702.092     208.343 
 1868.92    9702.092     208.343 
 1869.00    9702.092     208.343 
 1869.08    9766.399     208.343 
 1869.17    9766.292     208.343 
 1869.25    9766.292     208.343 
 1869.33    9719.825     208.343 
 1869.42    9646.561      28.959 
 1869.50    9595.753      77.256 
 1869.58    9558.855     137.942 
 1869.67    9532.800     199.220 
 1869.75    9518.509     233.388 
 1869.83    9518.509     233.388 
 1869.92    9518.509     233.388 
 1870.00    9518.509     233.388 
 1870.08    9588.404     233.388 
 1870.17    9588.404     233.388 
 1870.25    9588.404     233.388 
 1870.33    9572.814      28.214 
 1870.42    9536.237      67.036 
 1870.50    9499.863     112.209 
 1870.58    9467.475     167.989 
 1870.67    9467.475     167.989 
 1870.75    9427.363      27.424 
 1870.83    9408.601      27.424 
 1870.92    9408.601      27.424 
 1871.00    9408.601      27.424 
 1871.08    9417.457      27.424 
 1871.17    9417.457      27.424 
 1871.25    9417.457   7.443E-02 
 1871.33    9411.714      10.208 
 1871.42    9385.194      42.414 
 1871.50    9353.816      82.443 
 1871.58    9353.816     132.381 
 1871.67    9316.087     162.400 
 1871.75    9316.087     208.367 
 1871.83    9316.087     208.367 
 1871.92    9316.087     208.367 
 1872.00    9316.087     208.367 
 1872.08    9386.096     208.367 
 1872.17    9385.993     208.367 
 1872.25    9385.993     208.367 
 1872.33    9342.519     208.367 
 1872.42    9273.432      31.241 
 1872.50    9226.426      79.809 
 1872.58    9192.745     140.843 
 1872.67    9169.127     202.370 
 1872.75    9156.202     236.376 
 1872.83    9156.202     236.376 
 1872.92    9156.202     236.376 
 1873.00    9156.202     236.376 
 1873.08    9228.557     236.376 
 1873.17    9228.557     236.376 
 1873.25    9228.557     236.376 
 1873.33    9213.703      28.214 
 1873.42    9178.753      67.036 
 1873.50    9144.680     112.209 
 1873.58    9114.845     167.989 
 1873.67    9114.845     167.989 
 1873.75    9082.773      27.423 
 1873.83    9065.531      27.423 
 1873.92    9065.531      27.423 
 1874.00    9065.531      27.423 
 1874.08    9074.482      27.423 
 1874.17    9074.482      27.423 
 1874.25    9074.482   7.443E-02 
 1874.33    9069.468      10.208 
 1874.42    9044.804      42.414 
 1874.50    9015.892      82.444 
 1874.58    9015.892     132.381 
 1874.67    8983.396     162.400 
 1874.75    8983.396     208.367 
 1874.83    8983.396     208.367 
 1874.92    8983.396     208.367 
 1875.00    8983.396     208.367 
 1875.08    9058.416     208.367 
 1875.17    9058.317     208.367 
 1875.25    9058.317     208.367 
 1875.33    9017.439     208.367 
 1875.42    8951.967      31.321 
 1875.50    8907.980      79.900 
 1875.58    8876.950     140.946 
 1875.67    8855.341     202.481 
 1875.75    8843.552     236.481 
 1875.83    8843.552     236.481 
 1875.92    8843.552     236.481 
 1876.00    8843.552     236.481 
 1876.08    8916.499     236.481 
 1876.17    8916.499     236.481 
 1876.25    8916.499     236.481 
 1876.33    8902.435      28.214 
 1876.42    8869.205      67.036 
 1876.50    8837.309     112.209 
 1876.58    8809.750     167.989 
 1876.67    8809.750     167.989 
 1876.75    8784.679      27.423 
 1876.83    8768.752      27.423 
 1876.92    8768.752      27.423 
 1877.00    8768.752      27.423 
 1877.08    8777.780      27.423 
 1877.17    8777.780      27.423 
 1877.25    8777.780   7.443E-02 
 1877.33    8773.396      10.208 
 1877.42    8750.333      42.414 
 1877.50    8723.549      82.444 
 1877.58    8723.549     132.381 
 1877.67    8695.561     162.400 
 1877.75    8695.561     208.367 
 1877.83    8695.561     208.367 
 1877.92    8695.561     208.367 
 1878.00    8695.561     208.367 
 1878.08    8774.884     208.367 
 1878.17    8774.790     208.367 
 1878.25    8774.790     208.367 
 1878.33    8736.147     208.367 
 1878.42    8673.782      31.294 
 1878.50    8632.379      79.869 
 1878.58    8603.612     140.912 
 1878.67    8583.722     202.444 
 1878.75    8572.906     236.446 
 1878.83    8572.906     236.446 
 1878.92    8572.906     236.446 
 1879.00    8572.906     236.446 
 1879.08    8646.285     236.446 
 1879.17    8646.285     236.446 
 1879.25    8646.285     236.446 
 1879.33    8632.908      28.214 
 1879.42    8601.178      67.036 
 1879.50    8571.156     112.209 
 1879.58    8545.553     167.989 
 1879.67    8545.553     167.989 
 1879.75    8526.480      27.423 
 1879.83    8511.681      27.423 
 1879.92    8511.681      27.423 
 1880.00    8511.681      27.423 
 1880.08    8520.783      27.423 
 1880.17    8520.783      27.423 
 1880.25    8520.783   7.443E-02 
 1880.33    8516.940      10.208 
 1880.42    8495.252      42.414 
 1880.50    8470.288      82.444 
 1880.58    8470.288     132.381 
 1880.67    8446.155     162.400 
 1880.75    8446.155     208.367 
 1880.83    8446.155     208.367 
 1880.92    8446.155     208.367 
 1881.00    8446.155     208.367 
 1881.08    8529.159     208.367 
 1881.17    8529.070     208.367 
 1881.25    8529.070     208.367 
 1881.33    8492.337     208.367 
 1881.42    8432.630      29.451 
 1881.50    8393.243      77.808 
 1881.58    8366.335     138.570 
 1881.67    8347.854     199.900 
 1881.75    8337.841     234.033 
 1881.83    8337.841     234.033 
 1881.92    8337.841     234.033 
 1882.00    8337.841     234.033 
 1882.08    8410.123     234.033 
 1882.17    8410.123     234.033 
 1882.25    8410.123     234.033 
 1882.33    8397.490      28.214 
 1882.42    8367.346      67.036 
 1882.50    8339.117     112.209 
 1882.58    8315.267     167.989 
 1882.67    8315.267     167.989 
 1882.75    8301.423      27.423 
 1882.83    8287.602      27.423 
 1882.92    8287.602      27.423 
 1883.00    8287.602      27.423 
 1883.08    8296.764      27.423 
 1883.17    8296.764      27.423 
 1883.25    8296.764   7.443E-02 
 1883.33    8293.392      10.208 
 1883.42    8272.893      42.414 
 1883.50    8249.501      82.444 
 1883.58    8249.501     132.381 
 1883.67    8228.699     162.400 
 1883.75    8228.699     208.367 
 1883.83    8228.699     208.367 
 1883.92    8228.699     208.367 
 1884.00    8228.699     208.367 
 1884.08    8314.874     208.367 
 1884.17    8314.789     208.367 
 1884.25    8314.789     208.367 
 1884.33    8279.702     208.367 
 1884.42    8222.292      27.028 
 1884.50    8184.580      75.086 
 1884.58    8159.249     135.471 
 1884.67    8141.963     196.538 
 1884.75    8132.634     230.851 
 1884.83    8132.634     230.851 
 1884.92    8132.634     230.851 
 1885.00    8132.634     230.851 
 1885.08    8203.285     230.851 
 1885.17    8203.285     230.851 
 1885.25    8203.285     230.851 
 1885.33    8191.360      25.242 
 1885.42    8162.347      63.020 
 1885.50    8135.561     106.732 
 1885.58    8113.111     160.612 
 1885.67    8113.111     160.612 
 1885.75    8101.061      27.479 
 1885.83    8088.343      27.479 
 1885.92    8088.343      27.479 
 1886.00    8088.343      27.479 
 1886.08    8097.594      27.479 
 1886.17    8097.594      27.479 
 1886.25    8097.594   7.440E-02 
 1886.33    8094.750      10.205 
 1886.42    8075.507      42.406 
 1886.50    8053.642      82.434 
 1886.58    8053.642     132.370 
 1886.67    8035.900     162.387 
 1886.75    8035.900     208.354 
 1886.83    8035.900     208.354 
 1886.92    8035.900     208.354 
 1887.00    8035.900     208.354 
 1887.08    8124.954     208.354 
 1887.17    8124.869     208.354 
 1887.25    8124.869     208.354 
 1887.33    8091.256     208.354 
 1887.42    8035.887      25.003 
 1887.50    7999.693      72.799 
 1887.58    7975.776     132.860 
 1887.67    7959.559     193.708 
 1887.75    7950.837     228.178 
 1887.83    7950.837     228.178 
 1887.92    7950.837     228.178 
 1888.00    7950.837     228.178 
 1888.08    8020.137     228.178 
 1888.17    8020.137     228.178 
 1888.25    8020.137     228.178 
 1888.33    8008.821      22.325 
 1888.42    7980.773      59.073 
 1888.50    7955.247     101.349 
 1888.58    7934.022     153.352 
 1888.67    7934.022     153.352 
 1888.75    7923.259      27.534 
 1888.83    7911.534      27.534 
 1888.92    7911.534      27.534 
 1889.00    7911.534      27.534 
 1889.08    7920.863      27.534 
 1889.17    7920.863      27.534 
 1889.25    7920.863   7.438E-02 
 1889.33    7918.497      10.202 
 1889.42    7900.376      42.399 
 1889.50    7879.865      82.425 
 1889.58    7879.865     132.358 
 1889.67    7864.821     162.375 
 1889.75    7864.821     208.341 
 1889.83    7864.821     208.341 
 1889.92    7864.821     208.341 
 1890.00    7864.821     208.341 
 1890.08    7956.401     208.341 
 1890.17    7956.319     208.341 
 1890.25    7956.319     208.341 
 1890.33    7923.992     208.341 
 1890.42    7870.408      23.338 
 1890.50    7835.567      70.911 
 1890.58    7812.902     130.701 
 1890.67    7797.626     191.367 
 1890.75    7789.440     225.973 
 1890.83    7789.440     225.973 
 1890.92    7789.440     225.973 
 1891.00    7789.440     225.973 
 1891.08    7857.638     225.973 
 1891.17    7857.638     225.973 
 1891.25    7857.638     225.973 
 1891.33    7846.844      19.782 
 1891.42    7819.645      55.629 
 1891.50    7795.230      96.648 
 1891.58    7775.083     147.005 
 1891.67    7775.083     147.005 
 1891.75    7765.438      27.584 
 1891.83    7754.574      27.584 
 1891.92    7754.574      27.584 
 1892.00    7754.574      27.584 
 1892.08    7763.971      27.584 
 1892.17    7763.971      27.584 
 1892.25    7763.971   7.436E-02 
 1892.33    7762.020      10.199 
 1892.42    7744.877      42.393 
 1892.50    7725.544      82.417 
 1892.58    7725.544     132.347 
 1892.67    7712.847     162.364 
 1892.75    7712.847     208.329 
 1892.83    7712.847     208.329 
 1892.92    7712.847     208.329 
 1893.00    7712.847     208.329 
 1893.08    7806.628     208.329 
 1893.17    7806.547     208.329 
 1893.25    7806.547     208.329 
 1893.33    7775.342     208.329 
 1893.42    7723.311      21.637 
 1893.50    7689.637      68.973 
 1893.58    7668.058     128.479 
 1893.67    7653.602     188.961 
 1893.75    7645.879     223.710 
 1893.83    7645.879     223.710 
 1893.92    7645.879     223.710 
 1894.00    7645.879     223.710 
 1894.08    7712.910     223.710 
 1894.17    7712.910     223.710 
 1894.25    7712.910     223.710 
 1894.33    7702.597      17.199 
 1894.42    7676.151      52.129 
 1894.50    7652.722      91.867 
 1894.58    7633.520     140.545 
 1894.67    7633.520     140.545 
 1894.75    7624.518      27.636 
 1894.83    7614.436      27.636 
 1894.92    7614.436      27.636 
 1895.00    7614.436      27.636 
 1895.08    7623.900      27.636 
 1895.17    7623.900      27.636 
 1895.25    7623.900   7.433E-02 
 1895.33    7622.329      10.196 
 1895.42    7606.065      42.386 
 1895.50    7587.783      82.409 
 1895.58    7587.783     132.337 
 1895.67    7577.154     162.352 
 1895.75    7577.154     208.317 
 1895.83    7577.154     208.317 
 1895.92    7577.154     208.317 
 1896.00    7577.154     208.317 
 1896.08    7672.875     208.317 
 1896.17    7672.797     208.317 
 1896.25    7672.797     208.317 
 1896.33    7642.574     208.317 
 1896.42    7591.903      20.484 
 1896.50    7559.291      67.655 
 1896.58    7538.681     126.966 
 1896.67    7524.954     187.323 
 1896.75    7517.641     222.172 
 1896.83    7517.641     222.172 
 1896.92    7517.641     222.172 
 1897.00    7517.641     222.172 
 1897.08    7583.918     222.172 
 1897.17    7583.918     222.172 
 1897.25    7583.918     222.172 
 1897.33    7573.992      15.567 
 1897.42    7548.233      49.916 
 1897.50    7525.676      88.845 
 1897.58    7507.324     136.458 
 1897.67    7507.324     136.458 
 1897.75    7499.454      27.555 
 1897.83    7489.983      27.555 
 1897.92    7489.983      27.555 
 1898.00    7489.983      27.555 
 1898.08    7499.457      27.555 
 1898.17    7499.457      27.555 
 1898.25    7499.457   7.437E-02 
 1898.33    7498.166      10.201 
 1898.42    7482.626      42.397 
 1898.50    7465.226      82.423 
 1898.58    7465.226     132.355 
 1898.67    7456.363     162.372 
 1898.75    7456.363     208.338 
 1898.83    7456.363     208.338 
 1898.92    7456.363     208.338 
 1899.00    7456.363     208.338 
 1899.08    7553.698     208.338 
 1899.17    7553.622     208.338 
 1899.25    7553.622     208.338 
 1899.33    7524.254     208.338 
 1899.42    7474.765      19.546 
 1899.50    7443.082      66.579 
 1899.58    7423.317     125.728 
 1899.67    7410.223     185.983 
 1899.75    7403.269     220.915 
 1899.83    7403.269     220.915 
 1899.92    7403.269     220.915 
 1900.00    7403.269     220.915 
 1900.08    7468.942     220.915 
 1900.17    7468.942     220.915 
 1900.25    7468.942     220.915 
 1900.33    7459.348      14.774 
 1900.42    7434.251      48.840 
 1900.50    7412.480      87.374 
 1900.58    7394.896     134.468 
 1900.67    7394.896     134.468 
 1900.75    7388.590      27.251 
 1900.83    7379.565      27.251 
 1900.92    7379.565      27.251 
 1901.00    7379.565      27.251 
 1901.08    7388.955      27.251 
 1901.17    7388.955      27.251 
 1901.25    7388.955   7.451E-02 
 1901.33    7387.848      10.218 
 1901.42    7372.901      42.440 
 1901.50    7356.250      82.476 
 1901.58    7356.250     132.424 
 1901.67    7348.894     162.445 
 1901.75    7348.894     208.415 
 1901.83    7348.894     208.415 
 1901.92    7348.894     208.415 
 1902.00    7348.894     208.415 
 1902.08    7447.534     208.415 
 1902.17    7447.458     208.415 
 1902.25    7447.458     208.415 
 1902.33    7418.826     208.415 
 1902.42    7370.368      18.732 
 1902.50    7339.494      65.587 
 1902.58    7320.457     124.585 
 1902.67    7307.909     184.747 
 1902.75    7301.260     219.757 
 1902.83    7301.260     219.757 
 1902.92    7301.260     219.757 
 1903.00    7301.260     219.757 
 1903.08    7366.379     219.757 
 1903.17    7366.379     219.757 
 1903.25    7366.379     219.757 
 1903.33    7357.071      14.450 
 1903.42    7332.591      47.843 
 1903.50    7311.488      86.012 
 1903.58    7294.559     132.625 
 1903.67    7294.559     132.625 
 1903.75    7289.624      26.972 
 1903.83    7280.982      26.972 
 1903.92    7280.982      26.972 
 1904.00    7280.982      26.972 
 1904.08    7290.294      26.972 
 1904.17    7290.294      26.972 
 1904.25    7290.294   7.463E-02 
 1904.33    7289.337      10.233 
 1904.42    7274.900      42.478 
 1904.50    7258.894      82.525 
 1904.58    7258.894     132.486 
 1904.67    7252.839     162.512 
 1904.75    7252.839     208.485 
 1904.83    7252.839     208.485 
 1904.92    7252.839     208.485 
 1905.00    7252.839     208.485 
 1905.08    7352.593     208.485 
 1905.17    7352.520     208.485 
 1905.25    7352.520     208.485 
 1905.33    7324.525     208.485 
 1905.42    7276.958      18.773 
 1905.50    7246.845      65.133 
 1905.58    7228.441     124.063 
 1905.67    7216.373     184.181 
 1905.75    7209.997     219.228 
 1905.83    7209.997     219.228 
 1905.92    7209.997     219.228 
 1906.00    7209.997     219.228 
 1906.08    7275.020     219.228 
 1906.17    7275.020     219.228 
 1906.25    7275.020     219.228 
 1906.33    7265.923      14.123 
 1906.42    7241.903      46.345 
 1906.50    7221.301      83.965 
 1906.58    7204.902     129.854 
 1906.67    7204.902     129.854 
 1906.75    7200.749      26.759 
 1906.83    7192.471      26.759 
 1906.92    7192.471      26.759 
 1907.00    7192.471      26.759 
 1907.08    7201.730      26.759 
 1907.17    7201.730      26.759 
 1907.25    7201.730   7.473E-02 
 1907.33    7200.924      10.245 
 1907.42    7186.952      42.508 
 1907.50    7171.516      82.563 
 1907.58    7171.516     132.535 
 1907.67    7166.593     162.564 
 1907.75    7166.593     208.539 
 1907.83    7166.593     208.539 
 1907.92    7166.593     208.539 
 1908.00    7166.593     208.539 
 1908.08    7267.327     208.539 
 1908.17    7267.255     208.539 
 1908.25    7267.255     208.539 
 1908.33    7239.811     208.539 
 1908.42    7193.015      18.655 
 1908.50    7163.549      64.551 
 1908.58    7145.689     123.392 
 1908.67    7134.034     183.455 
 1908.75    7127.890     218.549 
 1908.83    7127.890     218.549 
 1908.92    7127.890     218.549 
 1909.00    7127.890     218.549 
 1909.08    7192.695     218.549 
 1909.17    7192.695     218.549 
 1909.25    7192.695     218.549 
 1909.33    7183.796      13.892 
 1909.42    7160.207      45.241 
 1909.50    7140.067      82.457 
 1909.58    7124.138     127.812 
 1909.67    7124.138     127.812 
 1909.75    7120.794      26.566 
 1909.83    7112.823      26.566 
 1909.92    7112.823      26.566 
 1910.00    7112.823      26.566 
 1910.08    7122.030      26.566 
 1910.17    7122.030      26.566 
 1910.25    7122.030   7.482E-02 
 1910.33    7121.346      10.256 
 1910.42    7107.770      42.535 
 1910.50    7092.825      82.597 
 1910.58    7092.825     132.579 
 1910.67    7088.878     162.611 
 1910.75    7088.878     208.589 
 1910.83    7088.878     208.589 
 1910.92    7088.878     208.589 
 1911.00    7088.878     208.589 
 1911.67    7048.861     495.367 
 1911.75    7041.566     606.411 
 1911.83    7041.566     606.411 
 1911.92    7041.566     606.411 
 1912.00    7041.566     606.411 
 1912.08    7325.603     606.411 
 1912.17    7325.293     606.411 
 1912.25    7325.293     606.411 
 1912.33    7290.472      12.442 
 1912.42    7245.996      32.219 
 1912.50    7203.118      67.366 
 1912.58    7176.600     110.559 
 1912.67    7176.600     110.559 
 1912.75    7171.053      16.091 
 1912.83    7149.759      16.091 
 1912.92    7147.025      16.091 
 1913.00    7147.025      16.091 
 1913.08    7150.413      16.091 
 1913.17    7150.413      16.091 
 1913.25    7150.413       0.684 
 1913.33    7144.148      16.476 
 1913.42    7128.651      51.012 
 1913.50    7114.318      95.764 
 1913.58    7114.318     128.623 
 1913.67    7104.828     142.230 
 1913.75    7104.828     182.285 
 1913.83    7104.828     182.285 
 1913.92    7104.828     182.285 
 1914.00    7104.828     182.285 
 1914.08    7159.378     182.285 
 1914.17    7159.292     182.285 
 1914.25    7155.480     182.285 
 1914.33    7129.802     182.285 
 1914.42    7102.058      29.314 
 1914.50    7077.010     125.416 
 1914.58    7060.070     276.205 
 1914.67    7049.166     428.141 
 1914.75    7042.084     524.988 
 1914.83    7042.084     524.988 
 1914.92    7042.084     524.988 
 1915.00    7042.084     524.988 
 1915.08    7291.980     524.988 
 1915.17    7291.980     524.988 
 1915.25    7271.853     524.988 
 1915.33    7271.853      11.523 
 1915.42    7210.290      32.906 
 1915.50    7171.953      64.334 
 1915.58    7146.507     106.150 
 1915.67    7146.507     106.150 
 1915.75    7146.507      23.491 
 1915.83    7129.419      23.491 
 1915.92    7129.419      23.491 
 1916.00    7129.419      23.491 
 1916.08    7133.797      23.491 
 1916.17    7133.797      23.491 
 1916.25    7133.797       3.442 
 1916.33    7123.423      25.954 
 1916.42    7110.210      63.558 
 1916.50    7091.893     100.310 
 1916.58    7091.893     143.380 
 1916.67    7083.491     169.439 
 1916.75    7083.491     210.981 
 1916.83    7083.491     210.981 
 1916.92    7083.491     210.981 
 1917.00    7083.491     210.981 
 1917.08    7162.231     210.981 
 1917.17    7161.993     210.981 
 1917.25    7156.766     210.981 
 1917.33    7144.347     210.981 
 1917.42    7093.706      29.153 
 1917.50    7063.451     122.107 
 1917.58    7046.686     268.213 
 1917.67    7035.419     421.700 
 1917.75    7026.023     551.710 
 1917.83    7026.023     551.710 
 1917.92    7026.023     551.710 
 1918.00    7026.023     551.710 
 1918.08    7283.613     551.710 
 1918.17    7283.613     551.710 
 1918.25    7263.102     551.710 
 1918.33    7245.778      13.158 
 1918.42    7191.812      36.741 
 1918.50    7152.050      62.168 
 1918.58    7124.764      88.653 
 1918.67    7124.764      88.653 
 1918.75    7111.009      14.305 
 1918.83    7094.725      14.305 
 1918.92    7094.725      14.305 
 1919.00    7094.725      14.305 
 1919.08    7098.383      14.305 
 1919.17    7098.383      14.305 
 1919.25    7098.383       3.678 
 1919.33    7092.801      27.469 
 1919.42    7075.269      63.153 
 1919.50    7058.470     101.551 
 1919.58    7058.470     154.093 
 1919.67    7051.733     176.892 
 1919.75    7051.733     217.090 
 1919.83    7051.733     217.090 
 1919.92    7051.733     217.090 
 1920.00    7051.733     217.090 
 1920.08    7121.218     217.090 
 1920.17    7121.113     217.090 
 1920.25    7121.113     217.090 
 1920.33    7086.419     217.090 
 1920.42    7049.017      31.167 
 1920.50    7022.256     134.368 
 1920.58    7006.338     295.939 
 1920.67    6995.421     455.474 
 1920.75    6987.811     570.226 
 1920.83    6987.811     570.226 
 1920.92    6987.811     570.226 
 1921.00    6987.811     570.226 
 1921.08    7256.869     570.226 
 1921.17    7256.869     570.226 
 1921.25    7256.869     570.226 
 1921.33    7237.048      12.287 
 1921.42    7193.133      32.480 
 1921.50    7149.212      66.638 
 1921.58    7119.830     110.139 
 1921.67    7119.830     110.139 
 1921.75    7119.830      21.842 
 1921.83    7091.480      21.842 
 1921.92    7091.364      21.842 
 1922.00    7091.364      21.842 
 1922.08    7096.033      21.842 
 1922.17    7096.033      21.842 
 1922.25    7096.001       4.563 
 1922.33    7079.771      33.794 
 1922.42    7066.440      73.639 
 1922.50    7048.304     114.517 
 1922.58    7048.304     165.716 
 1922.67    7043.715     189.445 
 1922.75    7043.715     226.821 
 1922.83    7043.715     226.821 
 1922.92    7043.715     226.821 
 1923.00    7043.715     226.821 
 1923.08    7150.516     226.821 
 1923.17    7149.917     226.821 
 1923.25    7149.917     226.821 
 1923.33    7132.421     226.821 
 1923.42    7063.474      28.172 
 1923.50    7037.758     113.930 
 1923.58    7019.312     254.734 
 1923.67    7006.533     420.499 
 1923.75    6999.870     538.130 
 1923.83    6999.870     538.130 
 1923.92    6999.870     538.130 
 1924.00    6999.870     538.130 
 1924.08    7258.910     538.130 
 1924.17    7255.639     538.130 
 1924.25    7247.084     538.130 
 1924.33    7234.892      12.096 
 1924.42    7183.706      33.103 
 1924.50    7144.660      69.977 
 1924.58    7115.248     111.713 
 1924.67    7115.248     111.713 
 1924.75    7111.269      13.286 
 1924.83    7088.213      13.286 
 1924.92    7088.001      13.286 
 1925.00    7088.001      13.286 
 1925.08    7090.818      13.286 
 1925.17    7090.818      13.286 
 1925.25    7090.818       1.623 
 1925.33    7086.480      12.861 
 1925.42    7068.270      45.745 
 1925.50    7053.928      88.556 
 1925.58    7053.928     133.358 
 1925.67    7039.791     153.592 
 1925.75    7039.791     197.562 
 1925.83    7039.791     197.562 
 1925.92    7039.791     197.562 
 1926.00    7039.791     197.562 
 1926.08    7105.192     197.562 
 1926.17    7105.103     197.562 
 1926.25    7090.898     197.562 
 1926.33    7054.600     197.562 
 1926.42    7030.282      33.295 
 1926.50    7006.579     141.164 
 1926.58    6991.876     302.361 
 1926.67    6981.477     451.643 
 1926.75    6973.412     562.467 
 1926.83    6973.412     562.467 
 1926.92    6973.412     562.467 
 1927.00    6973.412     562.467 
 1927.08    7251.814     562.467 
 1927.17    7246.466     562.467 
 1927.25    7241.398     562.467 
 1927.33    7213.946      12.520 
 1927.42    7150.712      35.344 
 1927.50    7111.450      67.646 
 1927.58    7089.949      99.424 
 1927.67    7089.949      99.424 
 1927.75    7073.208      14.837 
 1927.83    7057.208      14.837 
 1927.92    7055.705      14.837 
 1928.00    7055.705      14.837 
 1928.08    7058.718      14.837 
 1928.17    7058.718      14.837 
 1928.25    7058.718       0.346 
 1928.33    7050.732      23.383 
 1928.42    7038.448      60.029 
 1928.50    7019.403      94.986 
 1928.58    7019.403     133.398 
 1928.67    7005.447     152.498 
 1928.75    7005.447     184.174 
 1928.83    7005.447     184.174 
 1928.92    7005.447     184.174 
 1929.00    7005.447     184.174 
 1929.08    7038.974     184.174 
 1929.17    7037.305     184.174 
 1929.25    7037.305     184.174 
 1929.33    6999.622     184.174 
 1929.42    6967.047      37.519 
 1929.50    6947.070     163.542 
 1929.58    6933.035     340.045 
 1929.67    6921.658     500.807 
 1929.75    6914.352     613.885 
 1929.83    6914.352     613.885 
 1929.92    6914.352     613.885 
 1930.00    6914.352     613.885 
 1930.08    7219.117     613.885 
 1930.17    7219.117     613.885 
 1930.25    7218.509     613.885 
 1930.33    7200.091      11.798 
 1930.42    7130.781      31.072 
 1930.50    7081.866      49.093 
 1930.58    7055.346      73.671 
 1930.67    7055.346      73.671 
 1930.75    7024.028      10.138 
 1930.83    7010.658      10.138 
 1930.92    7009.625      10.138 
 1931.00    7009.625      10.138 
 1931.08    7011.557      10.138 
 1931.17    7011.557      10.138 
 1931.25    7011.557       0.289 
 1931.33    7002.146      23.362 
 1931.42    6983.678      53.788 
 1931.50    6964.271      74.831 
 1931.58    6964.271      99.095 
 1931.67    6947.136     116.173 
 1931.75    6947.136     156.187 
 1931.83    6947.136     156.187 
 1931.92    6947.136     156.187 
 1932.00    6947.136     156.187 
 1932.08    6987.374     156.187 
 1932.17    6987.058     156.187 
 1932.25    6976.018     156.187 
 1932.33    6952.297     156.187 
 1932.42    6930.842      33.630 
 1932.50    6908.449     144.350 
 1932.58    6892.319     316.737 
 1932.67    6880.551     483.904 
 1932.75    6872.949     601.712 
 1932.83    6872.949     601.712 
 1932.92    6872.949     601.712 
 1933.00    6872.949     601.712 
 1933.08    7168.001     601.712 
 1933.17    7168.001     601.712 
 1933.25    7156.374     601.712 
 1933.33    7149.946      11.408 
 1933.42    7071.606      31.116 
 1933.50    7033.288      59.487 
 1933.58    7008.223      76.680 
 1933.67    7008.223      76.680 
 1933.75    6978.858      14.220 
 1933.83    6962.801      14.220 
 1933.92    6962.801      14.220 
 1934.00    6962.801      14.220 
 1934.08    6966.547      14.220 
 1934.17    6966.547      14.220 
 1934.25    6966.547       0.719 
 1934.33    6961.305      19.538 
 1934.42    6944.831      54.760 
 1934.50    6928.899      94.529 
 1934.58    6928.899     142.868 
 1934.67    6921.456     158.269 
 1934.75    6921.456     199.580 
 1934.83    6921.456     199.580 
 1934.92    6921.456     199.580 
 1935.00    6921.456     199.580 
 1935.08    7001.239     199.580 
 1935.17    7000.413     199.580 
 1935.25    6989.449     199.580 
 1935.33    6949.249     199.580 
 1935.42    6915.655      32.186 
 1935.50    6894.708     136.490 
 1935.58    6879.805     297.995 
 1935.67    6867.185     473.372 
 1935.75    6858.158     601.350 
 1935.83    6858.158     601.350 
 1935.92    6858.158     601.350 
 1936.00    6858.158     601.350 
 1936.08    7134.299     601.350 
 1936.17    7134.299     601.350 
 1936.25    7130.117     601.350 
 1936.33    7128.214      12.482 
 1936.42    7049.781      35.094 
 1936.50    7008.388      64.097 
 1936.58    6980.489     101.141 
 1936.67    6980.489     101.141 
 1936.75    6968.622      10.924 
 1936.83    6946.840      10.924 
 1936.92    6946.042      10.924 
 1937.00    6946.042      10.924 
 1937.08    6948.227      10.924 
 1937.17    6948.227      10.924 
 1937.25    6948.227       0.578 
 1937.33    6942.333      16.833 
 1937.42    6929.645      51.676 
 1937.50    6911.301      86.137 
 1937.58    6911.301     127.333 
 1937.67    6899.979     144.478 
 1937.75    6899.979     184.611 
 1937.83    6899.979     184.611 
 1937.92    6899.979     184.611 
 1938.00    6899.979     184.611 
 1938.08    6954.051     184.611 
 1938.17    6953.910     184.611 
 1938.25    6953.401     184.611 
 1938.33    6907.246     184.611 
 1938.42    6871.690      34.995 
 1938.50    6852.360     152.007 
 1938.58    6838.487     321.487 
 1938.67    6826.929     488.296 
 1938.75    6818.315     620.866 
 1938.83    6818.315     620.866 
 1938.92    6818.315     620.866 
 1939.00    6818.315     620.866 
 1939.08    7111.440     620.866 
 1939.17    7111.440     620.866 
 1939.25    7104.846     620.866 
 1939.33    7075.592      12.900 
 1939.42    7018.843      35.519 
 1939.50    6976.231      66.053 
 1939.58    6947.881     102.104 
 1939.67    6947.881     102.104 
 1939.75    6942.065      19.235 
 1939.83    6922.465      19.235 
 1939.92    6922.465      19.235 
 1940.00    6922.465      19.235 
 1940.08    6926.923      19.235 
 1940.17    6926.923      19.235 
 1940.25    6926.923       0.583 
 1940.33    6921.489      18.198 
 1940.42    6909.631      53.813 
 1940.50    6888.805      84.049 
 1940.58    6888.805     120.676 
 1940.67    6873.734     136.356 
 1940.75    6873.734     177.965 
 1940.83    6873.734     177.965 
 1940.92    6873.734     177.965 
 1941.00    6873.734     177.965 
 1941.08    6936.204     177.965 
 1941.17    6935.829     177.965 
 1941.25    6935.829     177.965 
 1941.33    6911.815     177.965 
 1941.42    6866.791      31.341 
 1941.50    6840.897     134.629 
 1941.58    6825.614     295.663 
 1941.67    6813.850     463.351 
 1941.75    6805.595     585.259 
 1941.83    6805.595     585.259 
 1941.92    6805.595     585.259 
 1942.00    6805.595     585.259 
 1942.08    7080.896     585.259 
 1942.17    7080.896     585.259 
 1942.25    7054.971     585.259 
 1942.33    7042.222      12.079 
 1942.42    7001.812      31.949 
 1942.50    6962.869      67.155 
 1942.58    6932.559     107.718 
 1942.67    6932.559     107.718 
 1942.75    6930.303      17.429 
 1942.83    6913.609      17.429 
 1942.92    6913.609      17.429 
 1943.00    6913.609      17.429 
 1943.08    6917.490      17.429 
 1943.17    6917.490      17.429 
 1943.25    6909.015      20.481 
 1943.33    6897.834      52.114 
 1943.42    6889.019      94.875 
 1943.50    6873.638     149.867 
 1943.58    6873.638     204.461 
 1943.67    6873.638     237.105 
 1943.75    6873.638     287.496 
 1943.83    6873.638     287.496 
 1943.92    6873.638     287.496 
 1944.00    6873.638     287.496 
 1944.08    6984.754     287.496 
 1944.17    6984.635     287.496 
 1944.25    6984.635     287.496 
 1944.33    6941.930     287.496 
 1944.42    6898.732      27.637 
 1944.50    6873.227     114.161 
 1944.58    6855.358     252.018 
 1944.67    6840.386     435.438 
 1944.75    6830.531     566.732 
 1944.83    6830.531     566.732 
 1944.92    6830.531     566.732 
 1945.00    6830.531     566.732 
 1945.08    7093.266     566.732 
 1945.17    7093.266     566.732 
 1945.25    7091.561     566.732 
 1945.33    7057.846      13.603 
 1945.42    7005.427      38.029 
 1945.50    6963.136      67.957 
 1945.58    6935.323     105.586 
 1945.67    6935.323     105.586 
 1945.75    6924.329      15.617 
 1945.83    6907.628      15.617 
 1945.92    6905.310      15.617 
 1946.00    6905.310      15.617 
 1946.08    6908.463      15.617 
 1946.17    6908.463      15.617 
 1946.25    6908.463       2.211 
 1946.33    6899.734      23.382 
 1946.42    6881.036      56.329 
 1946.50    6862.088      87.573 
 1946.58    6862.088     123.082 
 1946.67    6846.832     141.294 
 1946.75    6846.832     184.121 
 1946.83    6846.832     184.121 
 1946.92    6846.832     184.121 
 1947.00    6846.832     184.121 
 1947.08    6904.261     184.121 
 1947.17    6904.056     184.121 
 1947.25    6903.307     184.121 
 1947.33    6886.333     184.121 
 1947.42    6835.714      33.777 
 1947.50    6812.863     145.631 
 1947.58    6799.177     306.993 
 1947.67    6788.813     453.202 
 1947.75    6781.545     565.578 
 1947.83    6781.545     565.578 
 1947.92    6781.545     565.578 
 1948.00    6781.545     565.578 
 1948.08    7062.853     565.578 
 1948.17    7062.853     565.578 
 1948.25    7062.853     565.578 
 1948.33    7055.535      13.002 
 1948.42    6974.225      36.008 
 1948.50    6933.167      71.576 
 1948.58    6903.806     113.155 
 1948.67    6903.806     113.155 
 1948.75    6903.806      20.488 
 1948.83    6882.470      20.488 
 1948.92    6882.470      20.488 
 1949.00    6882.470      20.488 
 1949.08    6889.506      20.488 
 1949.17    6889.506      20.488 
 1949.25    6889.506       0.991 
 1949.33    6879.777      25.479 
 1949.42    6864.971      63.368 
 1949.50    6844.478      92.795 
 1949.58    6844.478     134.469 
 1949.67    6832.118     157.805 
 1949.75    6832.118     199.431 
 1949.83    6832.118     199.431 
 1949.92    6832.118     199.431 
 1950.00    6832.118     199.431 
 1950.08    6901.847     199.431 
 1950.17    6900.801     199.431 
 1950.25    6900.324     199.431 
 1950.33    6867.026     199.431 
 1950.42    6819.932      30.556 
 1950.50    6794.333     132.122 
 1950.58    6778.911     292.127 
 1950.67    6767.940     452.400 
 1950.75    6759.142     577.390 
 1950.83    6759.142     577.390 
 1950.92    6759.142     577.390 
 1951.00    6759.142     577.390 
 1951.67    6846.632     427.455 
 1951.75    6833.676     561.374 
 1951.83    6833.676     561.374 
 1951.92    6833.676     561.374 
 1952.00    6833.676     561.374 
 1952.08    7094.906     561.374 
 1952.17    7094.906     561.374 
 1952.25    7089.701     561.374 
 1952.33    7051.146      18.467 
 1952.42    6993.053      42.117 
 1952.50    6957.752      80.696 
 1952.58    6926.097     114.397 
 1952.67    6926.097     114.397 
 1952.75    6925.909      21.398 
 1952.83    6917.085      21.398 
 1952.92    6917.085      21.398 
 1953.00    6917.085      21.398 
 1953.08    6925.534      21.398 
 1953.17    6925.534      21.398 
 1953.25    6925.534       2.996 
 1953.33    6919.333      29.104 
 1953.42    6899.425      92.505 
 1953.50    6879.565     173.703 
 1953.58    6879.565     271.832 
 1953.67    6879.565     324.676 
 1953.75    6879.565     424.378 
 1953.83    6879.565     424.378 
 1953.92    6879.565     424.378 
 1954.00    6879.565     424.378 
 1954.08    7025.969     424.378 
 1954.17    7025.969     424.378 
 1954.25    7025.969     424.378 
 1954.33    7025.969     424.378 
 1954.42    7025.969      96.009 
 1954.50    6998.875     228.452 
 1954.58    6970.048     410.825 
 1954.67    6951.020     590.573 
 1954.75    6939.550     701.618 
 1954.83    6939.550     701.618 
 1954.92    6939.550     701.618 
 1955.00    6939.550     701.618 
 1955.08    7475.623     701.618 
 1955.17    7475.623     701.618 
 1955.25    7475.623     701.618 
 1955.33    7420.956      18.737 
 1955.42    7298.623      50.682 
 1955.50    7238.561      94.474 
 1955.58    7195.242     146.645 
 1955.67    7195.242     146.645 
 1955.75    7194.409      27.852 
 1955.83    7176.433      27.852 
 1955.92    7176.433      27.852 
 1956.00    7176.433      27.852 
 1956.08    7185.288      27.852 
 1956.17    7185.288      27.852 
 1956.25    7185.288       2.838 
 1956.33    7173.650      37.631 
 1956.42    7148.889     103.213 
 1956.50    7125.675     189.655 
 1956.58    7125.675     282.775 
 1956.67    7125.675     317.560 
 1956.75    7125.675     408.385 
 1956.83    7125.675     408.385 
 1956.92    7125.675     408.385 
 1957.00    7125.675     408.385 
 1957.08    7256.458     408.385 
 1957.17    7256.458     408.385 
 1957.25    7256.458     408.385 
 1957.33    7256.458     408.385 
 1957.42    7256.458      81.284 
 1957.50    7215.610     221.382 
 1957.58    7183.534     396.401 
 1957.67    7160.300     579.349 
 1957.75    7141.733     738.539 
 1957.83    7141.733     738.539 
 1957.92    7141.733     738.539 
 1958.00    7141.733     738.539 
 1958.08    7670.003     738.539 
 1958.17    7669.572     738.539 
 1958.25    7654.305     738.539 
 1958.33    7648.846      18.445 
 1958.42    7547.622      48.772 
 1958.50    7449.512      87.275 
 1958.58    7391.038     132.271 
 1958.67    7391.038     132.271 
 1958.75    7371.991      20.206 
 1958.83    7353.751      20.206 
 1958.92    7353.751      20.206 
 1959.00    7353.751      20.206 
 1959.08    7359.921      20.206 
 1959.17    7359.921      20.206 
 1959.25    7359.921       0.663 
 1959.33    7349.463      33.002 
 1959.42    7318.471      86.526 
 1959.50    7292.762     170.154 
 1959.58    7292.762     267.367 
 1959.67    7292.762     321.246 
 1959.75    7292.762     419.144 
 1959.83    7292.762     419.144 
 1959.92    7292.762     419.144 
 1960.00    7292.762     419.144 
 1960.08    7414.815     419.144 
 1960.17    7414.815     419.144 
 1960.25    7414.805     419.144 
 1960.33    7414.805     419.144 
 1960.42    7410.993      95.445 
 1960.50    7358.185     254.659 
 1960.58    7330.030     431.182 
 1960.67    7310.020     583.118 
 1960.75    7295.485     708.954 
 1960.83    7295.485     708.954 
 1960.92    7295.485     708.954 
 1961.00    7295.485     708.954 
 1961.08    7804.022     708.954 
 1961.17    7804.022     708.954 
 1961.25    7803.627     708.954 
 1961.33    7769.437      18.756 
 1961.42    7709.135      48.863 
 1961.50    7589.787      83.070 
 1961.58    7530.938     125.606 
 1961.67    7530.938     125.606 
 1961.75    7511.180      28.588 
 1961.83    7495.754      28.588 
 1961.92    7494.475      28.588 
 1962.00    7494.475      28.588 
 1962.08    7501.580      28.588 
 1962.17    7501.580      28.588 
 1962.25    7501.580       0.0   
 1962.33    7492.786      34.088 
 1962.42    7461.288      92.617 
 1962.50    7435.343     181.972 
 1962.58    7435.343     279.778 
 1962.67    7435.343     340.087 
 1962.75    7435.343     440.072 
 1962.83    7435.343     440.072 
 1962.92    7435.343     440.072 
 1963.00    7435.343     440.072 
 1963.08    7569.099     440.072 
 1963.17    7569.099     440.072 
 1963.25    7567.928     440.072 
 1963.33    7567.928     440.072 
 1963.42    7567.928      77.274 
 1963.50    7522.943     227.227 
 1963.58    7489.313     430.350 
 1963.67    7465.619     589.548 
 1963.75    7452.817     693.406 
 1963.83    7452.817     693.406 
 1963.92    7452.817     693.406 
 1964.00    7452.817     693.406 
 1964.08    7967.625     693.406 
 1964.17    7967.625     693.406 
 1964.25    7955.773     693.406 
 1964.33    7897.499      19.757 
 1964.42    7813.914      48.976 
 1964.50    7720.759      84.041 
 1964.58    7671.745     132.810 
 1964.67    7671.745     132.810 
 1964.75    7661.086      33.113 
 1964.83    7650.163      33.113 
 1964.92    7650.163      33.113 
 1965.00    7650.163      33.113 
 1965.08    7663.346      33.113 
 1965.17    7663.346      33.113 
 1965.25    7662.639       7.220 
 1965.33    7647.247      43.633 
 1965.42    7630.271     111.653 
 1965.50    7601.700     204.392 
 1965.58    7601.700     301.521 
 1965.67    7601.700     355.461 
 1965.75    7601.700     455.369 
 1965.83    7601.700     455.369 
 1965.92    7601.700     455.369 
 1966.00    7601.700     455.369 
 1966.08    7731.960     455.369 
 1966.17    7731.960     455.369 
 1966.25    7731.960     455.369 
 1966.33    7731.960     455.369 
 1966.42    7725.262     102.275 
 1966.50    7670.247     255.620 
 1966.58    7632.561     453.000 
 1966.67    7605.852     629.458 
 1966.75    7590.053     751.573 
 1966.83    7590.053     751.573 
 1966.92    7590.053     751.573 
 1967.00    7590.053     751.573 
 1967.08    8161.796     751.573 
 1967.17    8161.796     751.573 
 1967.25    8157.381     751.573 
 1967.33    8102.949      19.382 
 1967.42    8002.672      51.540 
 1967.50    7895.447      89.865 
 1967.58    7837.423     137.587 
 1967.67    7837.423     137.587 
 1967.75    7816.253      23.725 
 1967.83    7798.386      23.725 
 1967.92    7798.386      23.725 
 1968.00    7798.386      23.725 
 1968.08    7805.193      23.725 
 1968.17    7805.193      23.725 
 1968.25    7805.193       0.911 
 1968.33    7787.842      36.872 
 1968.42    7764.340     105.498 
 1968.50    7733.440     180.994 
 1968.58    7733.440     279.905 
 1968.67    7733.440     337.582 
 1968.75    7733.440     435.147 
 1968.83    7733.440     435.147 
 1968.92    7733.440     435.147 
 1969.00    7733.440     435.147 
 1969.08    7839.556     435.147 
 1969.17    7839.556     435.147 
 1969.25    7839.556     435.147 
 1969.33    7839.556     435.147 
 1969.42    7833.994     107.224 
 1969.50    7785.978     253.105 
 1969.58    7751.566     429.628 
 1969.67    7725.836     602.792 
 1969.75    7710.580     728.665 
 1969.83    7710.580     728.665 
 1969.92    7710.580     728.665 
 1970.00    7710.580     728.665 
 1970.08    8272.719     728.665 
 1970.17    8272.719     728.665 
 1970.25    8236.693     728.665 
 1970.33    8200.318      21.279 
 1970.42    8089.509      60.421 
 1970.50    7995.000      98.439 
 1970.58    7942.484     146.740 
 1970.67    7942.484     146.740 
 1970.75    7921.494      25.179 
 1970.83    7894.117      25.179 
 1970.92    7892.994      25.179 
 1971.00    7892.994      25.179 
 1971.67    7778.244     609.613 
 1971.75    7765.249     697.564 
 1971.83    7765.249     697.564 
 1971.92    7765.249     697.564 
 1972.00    7765.249     697.564 
 1972.08    8131.863     697.564 
 1972.17    8131.863     697.564 
 1972.25    8131.863     697.564 
 1972.33    8120.891      34.113 
 1972.42    8011.109      73.482 
 1972.50    7946.035     120.231 
 1972.58    7903.490     183.986 
 1972.67    7903.490     183.986 
 1972.75    7903.490      35.839 
 1972.83    7903.490      35.839 
 1972.92    7903.490      35.839 
 1973.00    7903.490      35.839 
 1973.08    7921.047      35.839 
 1973.17    7921.047      35.839 
 1973.25    7917.525      11.948 
 1973.33    7896.552      55.258 
 1973.42    7877.205     128.593 
 1973.50    7848.921     225.531 
 1973.58    7848.921     323.316 
 1973.67    7848.921     390.827 
 1973.75    7848.921     485.381 
 1973.83    7848.921     485.381 
 1973.92    7848.921     485.381 
 1974.00    7848.921     485.381 
 1974.08    8017.359     485.381 
 1974.17    8017.359     485.381 
 1974.25    8010.979     485.381 
 1974.33    8010.979     485.381 
 1974.42    7968.980     116.998 
 1974.50    7918.862     282.569 
 1974.58    7881.371     487.876 
 1974.67    7858.938     655.767 
 1974.75    7839.924     792.467 
 1974.83    7839.924     792.467 
 1974.92    7839.924     792.467 
 1975.00    7839.924     792.467 
 1975.08    8452.319     792.467 
 1975.17    8452.319     792.467 
 1975.25    8452.319     792.467 
 1975.33    8394.726      25.807 
 1975.42    8318.812      66.947 
 1975.50    8187.458     111.028 
 1975.58    8124.424     171.184 
 1975.67    8124.424     171.184 
 1975.75    8108.320      18.102 
 1975.83    8087.226      18.102 
 1975.92    8085.004      18.102 
 1976.00    8085.004      18.102 
 1976.08    8089.753      18.102 
 1976.17    8089.753      18.102 
 1976.25    8089.753       1.741 
 1976.33    8081.177      24.842 
 1976.42    8047.389      87.317 
 1976.50    8013.816     169.675 
 1976.58    8013.816     268.210 
 1976.67    8013.816     325.464 
 1976.75    8013.816     425.441 
 1976.83    8013.816     425.441 
 1976.92    8013.816     425.441 
 1977.00    8013.816     425.441 
 1977.08    8118.295     425.441 
 1977.17    8118.295     425.441 
 1977.25    8118.295     425.441 
 1977.33    8118.295     425.441 
 1977.42    8107.856     110.196 
 1977.50    8052.775     270.903 
 1977.58    8014.207     484.225 
 1977.67    7981.642     683.558 
 1977.75    7961.042     820.233 
 1977.83    7961.042     820.233 
 1977.92    7961.042     820.233 
 1978.00    7961.042     820.233 
 1978.08    8541.962     820.233 
 1978.17    8541.962     820.233 
 1978.25    8523.790     820.233 
 1978.33    8455.705      24.423 
 1978.42    8365.704      67.270 
 1978.50    8265.804     110.725 
 1978.58    8211.302     169.897 
 1978.67    8211.302     169.897 
 1978.75    8211.302      32.131 
 1978.83    8201.792      32.131 
 1978.92    8200.401      32.131 
 1979.00    8200.401      32.131 
 1979.08    8208.328      32.131 
 1979.17    8208.328      32.131 
 1979.25    8208.328       1.289 
 1979.33    8201.270      16.842 
 1979.42    8156.002      60.576 
 1979.50    8123.325     139.162 
 1979.58    8123.325     228.993 
 1979.67    8108.016     288.622 
 1979.75    8108.016     388.128 
 1979.83    8108.016     388.128 
 1979.92    8108.016     388.128 
 1980.00    8108.016     388.128 
 1980.08    8196.007     388.128 
 1980.17    8196.007     388.128 
 1980.25    8194.429     388.128 
 1980.33    8194.429     388.128 
 1980.42    8194.429      83.791 
 1980.50    8138.722     253.668 
 1980.58    8099.342     471.706 
 1980.67    8063.633     685.076 
 1980.75    8043.281     821.751 
 1980.83    8043.281     821.751 
 1980.92    8043.281     821.751 
 1981.00    8043.281     821.751 
 1981.08    8586.612     821.751 
 1981.17    8586.076     821.751 
 1981.25    8586.076     821.751 
 1981.33    8560.334      25.845 
 1981.42    8453.795      68.991 
 1981.50    8343.781     107.825 
 1981.58    8286.440     168.400 
 1981.67    8286.440     168.400 
 1981.75    8280.886      31.821 
 1981.83    8251.454      31.821 
 1981.92    8251.454      31.821 
 1982.00    8251.454      31.821 
 1982.08    8262.174      31.821 
 1982.17    8262.174      31.821 
 1982.25    8261.868       7.801 
 1982.33    8233.555      53.093 
 1982.42    8200.164     128.956 
 1982.50    8172.373     228.422 
 1982.58    8172.373     326.927 
 1982.67    8172.373     398.029 
 1982.75    8172.373     496.818 
 1982.83    8172.373     496.818 
 1982.92    8172.373     496.818 
 1983.00    8172.373     496.818 
 1983.08    8312.213     496.818 
 1983.17    8312.213     496.818 
 1983.25    8306.954     496.818 
 1983.33    8306.954     496.818 
 1983.42    8287.048     109.128 
 1983.50    8224.504     284.585 
 1983.58    8182.421     489.896 
 1983.67    8156.058     642.314 
 1983.75    8134.581     794.671 
 1983.83    8134.581     794.671 
 1983.92    8134.581     794.671 
 1984.00    8134.581     794.671 
 1984.08    8751.281     794.671 
 1984.17    8746.480     794.671 
 1984.25    8711.647     794.671 
 1984.33    8651.325      27.732 
 1984.42    8491.059      60.331 
 1984.50    8409.786      99.114 
 1984.58    8358.528     150.861 
 1984.67    8358.528     150.861 
 1984.75    8341.242      27.580 
 1984.83    8331.647      27.580 
 1984.92    8331.206      27.580 
 1985.00    8331.206      27.580 
 1985.08    8338.033      27.580 
 1985.17    8338.033      27.580 
 1985.25    8338.033       2.532 
 1985.33    8318.772      36.251 
 1985.42    8280.088     101.620 
 1985.50    8250.842     190.710 
 1985.58    8250.842     276.356 
 1985.67    8246.620     313.734 
 1985.75    8246.620     406.520 
 1985.83    8246.620     406.520 
 1985.92    8246.620     406.520 
 1986.00    8246.620     406.520 
 1986.08    8356.783     406.520 
 1986.17    8356.783     406.520 
 1986.25    8355.998     406.520 
 1986.33    8355.998     406.520 
 1986.42    8355.998      85.349 
 1986.50    8290.575     247.442 
 1986.58    8248.248     443.601 
 1986.67    8216.717     622.644 
 1986.75    8199.116     732.218 
 1986.83    8199.116     732.218 
 1986.92    8199.116     732.218 
 1987.00    8199.116     732.218 
 1987.08    8725.827     732.218 
 1987.17    8725.558     732.218 
 1987.25    8702.492     732.218 
 1987.33    8665.653      26.067 
 1987.42    8579.918      66.860 
 1987.50    8481.845     110.905 
 1987.58    8422.004     171.874 
 1987.67    8422.004     171.874 
 1987.75    8409.240      26.098 
 1987.83    8395.613      26.098 
 1987.92    8389.641      26.098 
 1988.00    8389.641      26.098 
 1988.08    8396.548      26.098 
 1988.17    8396.548      26.098 
 1988.25    8395.146       6.827 
 1988.33    8368.510      51.518 
 1988.42    8332.899     118.482 
 1988.50    8300.613     202.987 
 1988.58    8300.613     295.613 
 1988.67    8299.021     343.369 
 1988.75    8299.021     443.274 
 1988.83    8299.021     443.274 
 1988.92    8299.021     443.274 
 1989.00    8299.021     443.274 
 1989.08    8406.117     443.274 
 1989.17    8406.117     443.274 
 1989.25    8403.492     443.274 
 1989.33    8403.492     443.274 
 1989.42    8401.624      99.042 
 1989.50    8337.914     254.197 
 1989.58    8307.626     429.574 
 1989.67    8279.718     574.083 
 1989.75    8259.655     691.185 
 1989.83    8259.655     691.185 
 1989.92    8259.655     691.185 
 1990.00    8259.655     691.185 
 1990.08    8804.005     691.185 
 1990.17    8804.005     691.185 
 1990.25    8804.005     691.185 
 1990.33    8775.438      28.887 
 1990.42    8619.316      69.263 
 1990.50    8528.396     116.689 
 1990.58    8471.727     175.357 
 1990.67    8471.727     175.357 
 1990.75    8471.727      36.823 
 1990.83    8471.727      36.823 
 1990.92    8471.727      36.823 
 1991.00    8471.727      36.823 
 1991.08    8493.521      36.823 
 1991.17    8493.521      36.823 
 1991.25    8493.521       2.388 
 1991.33    8480.220      31.758 
 1991.42    8444.906      97.599 
 1991.50    8400.869     182.737 
 1991.58    8400.869     278.867 
 1991.67    8400.045     340.638 
 1991.75    8400.045     439.817 
 1991.83    8400.045     439.817 
 1991.92    8400.045     439.817 
 1992.00    8400.045     439.817 
 1992.08    8500.573     439.817 
 1992.17    8500.573     439.817 
 1992.25    8497.325     439.817 
 1992.33    8497.325     439.817 
 1992.42    8497.325      87.636 
 1992.50    8436.978     257.430 
 1992.58    8390.727     462.737 
 1992.67    8351.339     678.497 
 1992.75    8332.275     784.277 
 1992.83    8332.275     784.277 
 1992.92    8332.275     784.277 
 1993.00    8332.275     784.277 
 1993.08    8913.305     784.277 
 1993.17    8913.305     784.277 
 1993.25    8913.305     784.277 
 1993.33    8885.097      27.091 
 1993.42    8804.229      69.054 
 1993.50    8661.180     115.572 
 1993.58    8588.162     180.047 
 1993.67    8588.162     180.047 
 1993.75    8578.220      31.714 
 1993.83    8553.243      31.714 
 1993.92    8553.243      31.714 
 1994.00    8553.243      31.714 
 1994.08    8566.221      31.714 
 1994.17    8566.221      31.714 
 1994.25    8565.133       5.000 
 1994.33    8551.438      25.368 
 1994.42    8525.307      83.795 
 1994.50    8482.947     170.229 
 1994.58    8482.947     264.515 
 1994.67    8474.283     324.926 
 1994.75    8474.283     424.280 
 1994.83    8474.283     424.280 
 1994.92    8474.283     424.280 
 1995.00    8474.283     424.280 
 1995.08    8576.023     424.280 
 1995.17    8576.023     424.280 
 1995.25    8576.023     424.280 
 1995.33    8576.023     424.280 
 1995.42    8573.423      98.052 
 1995.50    8506.328     249.799 
 1995.58    8463.104     425.151 
 1995.67    8431.532     585.286 
 1995.75    8408.498     710.188 
 1995.83    8408.498     710.188 
 1995.92    8408.498     710.188 
 1996.00    8408.498     710.188 
 1996.08    8926.231     710.188 
 1996.17    8926.231     710.188 
 1996.25    8894.025     710.188 
 1996.33    8853.748      26.491 
 1996.42    8737.577      66.643 
 1996.50    8654.288     112.721 
 1996.58    8601.307     175.296 
 1996.67    8601.307     175.296 
 1996.75    8588.623      27.213 
 1996.83    8570.683      27.213 
 1996.92    8570.683      27.213 
 1997.00    8570.683      27.213 
 1997.08    8577.656      27.213 
 1997.17    8577.656      27.213 
 1997.25    8577.656       0.0   
 1997.33    8554.525      37.855 
 1997.42    8521.537     107.387 
 1997.50    8488.516     206.267 
 1997.58    8488.516     304.207 
 1997.67    8485.182     352.617 
 1997.75    8485.182     451.131 
 1997.83    8485.182     451.131 
 1997.92    8485.182     451.131 
 1998.00    8485.182     451.131 
 1998.08    8592.545     451.131 
 1998.17    8592.545     451.131 
 1998.25    8582.734     451.131 
 1998.33    8582.734     451.131 
 1998.42    8582.734      68.556 
 1998.50    8549.921     202.638 
 1998.58    8498.442     396.594 
 1998.67    8466.560     556.827 
 1998.75    8443.708     674.014 
 1998.83    8443.708     674.014 
 1998.92    8443.708     674.014 
 1999.00    8443.708     674.014 
 1999.08    8966.426     674.014 
 1999.17    8966.426     674.014 
 1999.25    8947.480     674.014 
 1999.33    8914.339      27.909 
 1999.42    8802.562      69.451 
 1999.50    8703.866     119.110 
 1999.58    8642.625     182.375 
 1999.67    8642.625     182.375 
 1999.75    8626.710      21.065 
 1999.83    8600.335      21.065 
 1999.92    8598.550      21.065 
 2000.00    8598.550      21.065 
