../Schedules/GRAZ-90.sch
   time    strlig(2) 

   30.08       0.470 
   30.17       0.471 
   30.25       0.473 
   30.33       0.474 
   30.42       0.476 
   30.50       0.477 
   30.58       0.478 
   30.67       0.477 
   30.75       0.477 
   30.83       0.477 
   30.92       0.478 
   31.00       0.469 
  120.08       0.100 
  120.17       0.100 
  120.25       0.101 
  120.33       0.101 
  120.42       0.101 
  120.50       0.101 
  120.58       0.101 
  120.67       0.100 
  120.75       0.100 
  120.83       0.100 
  120.92       0.100 
  121.00       0.100 
